<?xml version="1.0" encoding="UTF-8" ?>
<testsuite failures="0" time="0.062" errors="1" skipped="0" tests="1" name="com.iuwcity.dao.test.TestiuwDao">
  <properties>
    <property name="java.runtime.name" value="Java(TM) SE Runtime Environment"/>
    <property name="sun.boot.library.path" value="D:\Program Files\Java\jdk1.6.0_24\jre\bin"/>
    <property name="java.vm.version" value="19.1-b02"/>
    <property name="java.vm.vendor" value="Sun Microsystems Inc."/>
    <property name="java.vendor.url" value="http://java.sun.com/"/>
    <property name="path.separator" value=";"/>
    <property name="java.vm.name" value="Java HotSpot(TM) Client VM"/>
    <property name="file.encoding.pkg" value="sun.io"/>
    <property name="user.country" value="CN"/>
    <property name="sun.java.launcher" value="SUN_STANDARD"/>
    <property name="sun.os.patch.level" value="Service Pack 3"/>
    <property name="java.vm.specification.name" value="Java Virtual Machine Specification"/>
    <property name="user.dir" value="D:\workspace-sts-2.6.0.RELEASE\bak\iuw_persistence"/>
    <property name="java.runtime.version" value="1.6.0_24-b07"/>
    <property name="java.awt.graphicsenv" value="sun.awt.Win32GraphicsEnvironment"/>
    <property name="basedir" value="D:\workspace-sts-2.6.0.RELEASE\bak\iuw_persistence"/>
    <property name="java.endorsed.dirs" value="D:\Program Files\Java\jdk1.6.0_24\jre\lib\endorsed"/>
    <property name="os.arch" value="x86"/>
    <property name="surefire.real.class.path" value="C:\DOCUME~1\xuchen\LOCALS~1\Temp\surefirebooter5823460284810200713.jar"/>
    <property name="java.io.tmpdir" value="C:\DOCUME~1\xuchen\LOCALS~1\Temp\"/>
    <property name="line.separator" value="
"/>
    <property name="java.vm.specification.vendor" value="Sun Microsystems Inc."/>
    <property name="user.variant" value=""/>
    <property name="os.name" value="Windows XP"/>
    <property name="sun.jnu.encoding" value="GBK"/>
    <property name="java.library.path" value="D:\Program Files\Java\jdk1.6.0_24\jre\bin;.;C:\WINDOWS\Sun\Java\bin;C:\WINDOWS\system32;C:\WINDOWS;D:\Program Files\Java\jdk1.6.0_24\bin;E:\apache-maven-3.0.3\bin;C:\WINDOWS\system32;C:\WINDOWS;C:\WINDOWS\System32\Wbem;C:\Program Files\Windows Imaging\;C:\Program Files\Common Files\Thunder Network\KanKan\Codecs;C:\Program Files\TortoiseSVN\bin;C:\Program Files\Microsoft Network Monitor 3\;C:\Program Files\QuickTime\QTSystem\;C:\Program Files\MySQL\MySQL Server 5.1\bin"/>
    <property name="surefire.test.class.path" value="D:\workspace-sts-2.6.0.RELEASE\bak\iuw_persistence\target\test-classes;D:\workspace-sts-2.6.0.RELEASE\bak\iuw_persistence\target\classes;D:\java\repo\org\springframework\spring-jdbc\3.0.2.RELEASE\spring-jdbc-3.0.2.RELEASE.jar;D:\java\repo\org\springframework\spring-beans\3.0.2.RELEASE\spring-beans-3.0.2.RELEASE.jar;D:\java\repo\org\springframework\spring-tx\3.0.2.RELEASE\spring-tx-3.0.2.RELEASE.jar;D:\java\repo\aopalliance\aopalliance\1.0\aopalliance-1.0.jar;D:\java\repo\org\springframework\spring-aop\3.0.2.RELEASE\spring-aop-3.0.2.RELEASE.jar;D:\java\repo\org\springframework\spring-asm\3.0.2.RELEASE\spring-asm-3.0.2.RELEASE.jar;D:\java\repo\org\springframework\spring-context\3.0.2.RELEASE\spring-context-3.0.2.RELEASE.jar;D:\java\repo\org\springframework\spring-expression\3.0.2.RELEASE\spring-expression-3.0.2.RELEASE.jar;D:\java\repo\mysql\mysql-connector-java\5.1.12\mysql-connector-java-5.1.12.jar;D:\java\repo\org\springframework\spring-test\3.0.2.RELEASE\spring-test-3.0.2.RELEASE.jar;D:\java\repo\org\springframework\spring-core\3.0.2.RELEASE\spring-core-3.0.2.RELEASE.jar;D:\java\repo\commons-logging\commons-logging\1.1.1\commons-logging-1.1.1.jar;D:\java\repo\org\aspectj\aspectjweaver\1.6.8\aspectjweaver-1.6.8.jar;D:\java\repo\junit\junit\4.8.1\junit-4.8.1.jar;D:\java\repo\org\slf4j\slf4j-api\1.6.1\slf4j-api-1.6.1.jar;D:\java\repo\com\iuwcity\storage\iuw_storage\0.0.1-SNAPSHOT\iuw_storage-0.0.1-SNAPSHOT.jar;D:\java\repo\redis\clients\jedis\1.5.1\jedis-1.5.1.jar;D:\java\repo\commons-pool\commons-pool\1.5.5\commons-pool-1.5.5.jar;D:\java\repo\org\springframework\spring-webmvc\3.0.2.RELEASE\spring-webmvc-3.0.2.RELEASE.jar;D:\java\repo\org\springframework\spring-context-support\3.0.2.RELEASE\spring-context-support-3.0.2.RELEASE.jar;D:\java\repo\org\springframework\spring-web\3.0.2.RELEASE\spring-web-3.0.2.RELEASE.jar;D:\java\repo\org\springframework\spring-orm\3.0.2.RELEASE\spring-orm-3.0.2.RELEASE.jar;D:\java\repo\com\googlecode\xmemcached\xmemcached\1.3.2\xmemcached-1.3.2.jar;D:\java\repo\com\mop\querymap\0.6.4-SNAPSHOT\querymap-0.6.4-SNAPSHOT.jar;D:\java\repo\commons-lang\commons-lang\2.5\commons-lang-2.5.jar;D:\java\repo\commons-digester\commons-digester\2.0\commons-digester-2.0.jar;D:\java\repo\commons-beanutils\commons-beanutils\1.8.0\commons-beanutils-1.8.0.jar;D:\java\repo\com\google\guava\guava\r07\guava-r07.jar;D:\java\repo\commons-dbcp\commons-dbcp\1.4\commons-dbcp-1.4.jar;"/>
    <property name="java.specification.name" value="Java Platform API Specification"/>
    <property name="java.class.version" value="50.0"/>
    <property name="sun.management.compiler" value="HotSpot Client Compiler"/>
    <property name="os.version" value="5.1"/>
    <property name="user.home" value="C:\Documents and Settings\xuchen"/>
    <property name="user.timezone" value=""/>
    <property name="java.awt.printerjob" value="sun.awt.windows.WPrinterJob"/>
    <property name="java.specification.version" value="1.6"/>
    <property name="file.encoding" value="GBK"/>
    <property name="user.name" value="xuchen"/>
    <property name="java.class.path" value="D:\workspace-sts-2.6.0.RELEASE\bak\iuw_persistence\target\test-classes;D:\workspace-sts-2.6.0.RELEASE\bak\iuw_persistence\target\classes;D:\java\repo\org\springframework\spring-jdbc\3.0.2.RELEASE\spring-jdbc-3.0.2.RELEASE.jar;D:\java\repo\org\springframework\spring-beans\3.0.2.RELEASE\spring-beans-3.0.2.RELEASE.jar;D:\java\repo\org\springframework\spring-tx\3.0.2.RELEASE\spring-tx-3.0.2.RELEASE.jar;D:\java\repo\aopalliance\aopalliance\1.0\aopalliance-1.0.jar;D:\java\repo\org\springframework\spring-aop\3.0.2.RELEASE\spring-aop-3.0.2.RELEASE.jar;D:\java\repo\org\springframework\spring-asm\3.0.2.RELEASE\spring-asm-3.0.2.RELEASE.jar;D:\java\repo\org\springframework\spring-context\3.0.2.RELEASE\spring-context-3.0.2.RELEASE.jar;D:\java\repo\org\springframework\spring-expression\3.0.2.RELEASE\spring-expression-3.0.2.RELEASE.jar;D:\java\repo\mysql\mysql-connector-java\5.1.12\mysql-connector-java-5.1.12.jar;D:\java\repo\org\springframework\spring-test\3.0.2.RELEASE\spring-test-3.0.2.RELEASE.jar;D:\java\repo\org\springframework\spring-core\3.0.2.RELEASE\spring-core-3.0.2.RELEASE.jar;D:\java\repo\commons-logging\commons-logging\1.1.1\commons-logging-1.1.1.jar;D:\java\repo\org\aspectj\aspectjweaver\1.6.8\aspectjweaver-1.6.8.jar;D:\java\repo\junit\junit\4.8.1\junit-4.8.1.jar;D:\java\repo\org\slf4j\slf4j-api\1.6.1\slf4j-api-1.6.1.jar;D:\java\repo\com\iuwcity\storage\iuw_storage\0.0.1-SNAPSHOT\iuw_storage-0.0.1-SNAPSHOT.jar;D:\java\repo\redis\clients\jedis\1.5.1\jedis-1.5.1.jar;D:\java\repo\commons-pool\commons-pool\1.5.5\commons-pool-1.5.5.jar;D:\java\repo\org\springframework\spring-webmvc\3.0.2.RELEASE\spring-webmvc-3.0.2.RELEASE.jar;D:\java\repo\org\springframework\spring-context-support\3.0.2.RELEASE\spring-context-support-3.0.2.RELEASE.jar;D:\java\repo\org\springframework\spring-web\3.0.2.RELEASE\spring-web-3.0.2.RELEASE.jar;D:\java\repo\org\springframework\spring-orm\3.0.2.RELEASE\spring-orm-3.0.2.RELEASE.jar;D:\java\repo\com\googlecode\xmemcached\xmemcached\1.3.2\xmemcached-1.3.2.jar;D:\java\repo\com\mop\querymap\0.6.4-SNAPSHOT\querymap-0.6.4-SNAPSHOT.jar;D:\java\repo\commons-lang\commons-lang\2.5\commons-lang-2.5.jar;D:\java\repo\commons-digester\commons-digester\2.0\commons-digester-2.0.jar;D:\java\repo\commons-beanutils\commons-beanutils\1.8.0\commons-beanutils-1.8.0.jar;D:\java\repo\com\google\guava\guava\r07\guava-r07.jar;D:\java\repo\commons-dbcp\commons-dbcp\1.4\commons-dbcp-1.4.jar;"/>
    <property name="java.vm.specification.version" value="1.0"/>
    <property name="sun.arch.data.model" value="32"/>
    <property name="java.home" value="D:\Program Files\Java\jdk1.6.0_24\jre"/>
    <property name="java.specification.vendor" value="Sun Microsystems Inc."/>
    <property name="user.language" value="zh"/>
    <property name="awt.toolkit" value="sun.awt.windows.WToolkit"/>
    <property name="java.vm.info" value="mixed mode, sharing"/>
    <property name="java.version" value="1.6.0_24"/>
    <property name="java.ext.dirs" value="D:\Program Files\Java\jdk1.6.0_24\jre\lib\ext;C:\WINDOWS\Sun\Java\lib\ext"/>
    <property name="sun.boot.class.path" value="D:\Program Files\Java\jdk1.6.0_24\jre\lib\resources.jar;D:\Program Files\Java\jdk1.6.0_24\jre\lib\rt.jar;D:\Program Files\Java\jdk1.6.0_24\jre\lib\sunrsasign.jar;D:\Program Files\Java\jdk1.6.0_24\jre\lib\jsse.jar;D:\Program Files\Java\jdk1.6.0_24\jre\lib\jce.jar;D:\Program Files\Java\jdk1.6.0_24\jre\lib\charsets.jar;D:\Program Files\Java\jdk1.6.0_24\jre\lib\modules\jdk.boot.jar;D:\Program Files\Java\jdk1.6.0_24\jre\classes"/>
    <property name="java.vendor" value="Sun Microsystems Inc."/>
    <property name="localRepository" value="D:/java/repo"/>
    <property name="file.separator" value="\"/>
    <property name="java.vendor.url.bug" value="http://java.sun.com/cgi-bin/bugreport.cgi"/>
    <property name="sun.cpu.endian" value="little"/>
    <property name="sun.io.unicode.encoding" value="UnicodeLittle"/>
    <property name="sun.desktop" value="windows"/>
    <property name="sun.cpu.isalist" value="pentium_pro+mmx pentium_pro pentium+mmx pentium i486 i386 i86"/>
  </properties>
  <testcase time="0.015" classname="com.iuwcity.dao.test.TestiuwDao" name="initializationError">
    <error message="No runnable methods" type="java.lang.Exception">java.lang.Exception: No runnable methods
	at org.junit.runners.BlockJUnit4ClassRunner.validateInstanceMethods(BlockJUnit4ClassRunner.java:171)
	at org.junit.runners.BlockJUnit4ClassRunner.collectInitializationErrors(BlockJUnit4ClassRunner.java:115)
	at org.junit.runners.ParentRunner.validate(ParentRunner.java:269)
	at org.junit.runners.ParentRunner.&lt;init&gt;(ParentRunner.java:66)
	at org.junit.runners.BlockJUnit4ClassRunner.&lt;init&gt;(BlockJUnit4ClassRunner.java:59)
	at org.junit.internal.builders.JUnit4Builder.runnerForClass(JUnit4Builder.java:13)
	at org.junit.runners.model.RunnerBuilder.safeRunnerForClass(RunnerBuilder.java:57)
	at org.junit.internal.builders.AllDefaultPossibilitiesBuilder.runnerForClass(AllDefaultPossibilitiesBuilder.java:29)
	at org.junit.runners.model.RunnerBuilder.safeRunnerForClass(RunnerBuilder.java:57)
	at org.junit.internal.requests.ClassRequest.getRunner(ClassRequest.java:24)
	at org.apache.maven.surefire.junit4.JUnit4TestSet.&lt;init&gt;(JUnit4TestSet.java:45)
	at org.apache.maven.surefire.junit4.JUnit4DirectoryTestSuite.createTestSet(JUnit4DirectoryTestSuite.java:56)
	at org.apache.maven.surefire.suite.AbstractDirectoryTestSuite.locateTestSets(AbstractDirectoryTestSuite.java:96)
	at org.apache.maven.surefire.Surefire.createSuiteFromDefinition(Surefire.java:209)
	at org.apache.maven.surefire.Surefire.run(Surefire.java:156)
	at sun.reflect.NativeMethodAccessorImpl.invoke0(Native Method)
	at sun.reflect.NativeMethodAccessorImpl.invoke(NativeMethodAccessorImpl.java:39)
	at sun.reflect.DelegatingMethodAccessorImpl.invoke(DelegatingMethodAccessorImpl.java:25)
	at java.lang.reflect.Method.invoke(Method.java:597)
	at org.apache.maven.surefire.booter.SurefireBooter.runSuitesInProcess(SurefireBooter.java:345)
	at org.apache.maven.surefire.booter.SurefireBooter.main(SurefireBooter.java:1009)
</error>
  </testcase>
</testsuite>